Unsupposrted library path: C:\Users\eland\MCreatorWorkspaces\allfiction\build\classes\java\api
Unsupposrted library path: C:\Users\eland\MCreatorWorkspaces\allfiction\build\resources\api
Symbol range map extraction starting
Processing 56 files
startProcessing "net/mcreator/allfiction/Allfiction.java" md5: 03061a78457b5d060278347a5db08e0e
endProcessing "net/mcreator/allfiction/Allfiction.java"

startProcessing "net/mcreator/allfiction/AllfictionVariables.java" md5: cb3628a79d95dd8422bb9b57fb01f302
endProcessing "net/mcreator/allfiction/AllfictionVariables.java"

startProcessing "net/mcreator/allfiction/ClientProxyAllfiction.java" md5: 224af65f6b5c199d1db9ecb8bf6178f6
endProcessing "net/mcreator/allfiction/ClientProxyAllfiction.java"

startProcessing "net/mcreator/allfiction/ElementsAllfiction.java" md5: 54ff871b7fc583b3955bdc34f6b56c71
endProcessing "net/mcreator/allfiction/ElementsAllfiction.java"

startProcessing "net/mcreator/allfiction/IProxyAllfiction.java" md5: 620a42edbabf2ab94d7e7902bf31e677
endProcessing "net/mcreator/allfiction/IProxyAllfiction.java"

startProcessing "net/mcreator/allfiction/ServerProxyAllfiction.java" md5: d49ec12adcb436405c09f1f3ca5ade9d
endProcessing "net/mcreator/allfiction/ServerProxyAllfiction.java"

startProcessing "net/mcreator/allfiction/block/BlockSteelore.java" md5: dc14ce77696dc848cd01f36e2bebec29
endProcessing "net/mcreator/allfiction/block/BlockSteelore.java"

startProcessing "net/mcreator/allfiction/item/ItemCrown.java" md5: a9c42bda6d1c670ca41975b6c98f1888
endProcessing "net/mcreator/allfiction/item/ItemCrown.java"

startProcessing "net/mcreator/allfiction/item/ItemGlasses.java" md5: b6b8693587c1593409ab8eb03562b53d
endProcessing "net/mcreator/allfiction/item/ItemGlasses.java"

startProcessing "net/mcreator/allfiction/item/ItemLense.java" md5: 3c7733f622de977d58c5cc381268db45
endProcessing "net/mcreator/allfiction/item/ItemLense.java"

startProcessing "net/mcreator/allfiction/item/ItemNinetyninethpresidentband.java" md5: 051d7cc750e3cebf283263f272caf170
endProcessing "net/mcreator/allfiction/item/ItemNinetyninethpresidentband.java"

startProcessing "net/mcreator/allfiction/item/ItemPhilipsscrew.java" md5: 71726f4c2933071b1d9ffd738b30ff0b
endProcessing "net/mcreator/allfiction/item/ItemPhilipsscrew.java"

startProcessing "net/mcreator/allfiction/item/ItemSlottedpanheadscrew.java" md5: 4410543da2ea6e6d589cd7db294c6d76
endProcessing "net/mcreator/allfiction/item/ItemSlottedpanheadscrew.java"

startProcessing "net/mcreator/allfiction/item/ItemSteel.java" md5: 7454049867958b24a063e4074c3ef230
endProcessing "net/mcreator/allfiction/item/ItemSteel.java"

startProcessing "net/mcreator/allfiction/item/ItemSteelbeam.java" md5: 1923edb1face7b117bd6a048c85a743e
endProcessing "net/mcreator/allfiction/item/ItemSteelbeam.java"

startProcessing "net/mcreator/allfiction/keybind/KeyBindingAbnormality2.java" md5: 6f3d471d27625f7d6daaf818d9688a8d
endProcessing "net/mcreator/allfiction/keybind/KeyBindingAbnormality2.java"

startProcessing "net/mcreator/allfiction/keybind/KeyBindingAbnormality3.java" md5: c58d5a8a27cd9fe911d2aa9b19a2d218
endProcessing "net/mcreator/allfiction/keybind/KeyBindingAbnormality3.java"

startProcessing "net/mcreator/allfiction/keybind/KeyBindingAbnormality4.java" md5: 8e788859ecf6bbcc32613ff87e651401
endProcessing "net/mcreator/allfiction/keybind/KeyBindingAbnormality4.java"

startProcessing "net/mcreator/allfiction/keybind/KeyBindingAbnormality5.java" md5: 6ca2d9ccc80fab32b82f7d50c4f4934d
endProcessing "net/mcreator/allfiction/keybind/KeyBindingAbnormality5.java"

startProcessing "net/mcreator/allfiction/keybind/KeyBindingAbnormalitykey.java" md5: 17aa7562c9449704c37d0e17290ddfb0
endProcessing "net/mcreator/allfiction/keybind/KeyBindingAbnormalitykey.java"

startProcessing "net/mcreator/allfiction/keybind/KeyBindingAllfictionkey.java" md5: 4be6b26c9bd88c4490a662951144ffe4
endProcessing "net/mcreator/allfiction/keybind/KeyBindingAllfictionkey.java"

startProcessing "net/mcreator/allfiction/keybind/KeyBindingParadox.java" md5: 7c5933a9c9cb10a5de2915ea5c750708
endProcessing "net/mcreator/allfiction/keybind/KeyBindingParadox.java"

startProcessing "net/mcreator/allfiction/keybind/KeyBindingStopAbnormality.java" md5: c90aa1bc3748d8cb596d50891c134e86
endProcessing "net/mcreator/allfiction/keybind/KeyBindingStopAbnormality.java"

startProcessing "net/mcreator/allfiction/keybind/KeyBindingStoryrole.java" md5: d30c91280b5a7d42696fa27321d5097a
endProcessing "net/mcreator/allfiction/keybind/KeyBindingStoryrole.java"

startProcessing "net/mcreator/allfiction/keybind/KeyBindingZero.java" md5: f9dff4c52119f34fda3d21317770e18c
endProcessing "net/mcreator/allfiction/keybind/KeyBindingZero.java"

startProcessing "net/mcreator/allfiction/potion/PotionAlteredGod.java" md5: 1760669f16cdfca2711347e13f2fa4de
endProcessing "net/mcreator/allfiction/potion/PotionAlteredGod.java"

startProcessing "net/mcreator/allfiction/potion/PotionBookmaker.java" md5: 3ded57bebb4aeeff760fd5e5a9f8fe05
endProcessing "net/mcreator/allfiction/potion/PotionBookmaker.java"

startProcessing "net/mcreator/allfiction/potion/PotionDeuteragonist.java" md5: 7a74a811c7c3a8786157d97ef5803842
endProcessing "net/mcreator/allfiction/potion/PotionDeuteragonist.java"

startProcessing "net/mcreator/allfiction/potion/PotionEndGod.java" md5: ee4095bc9415586e29202f8f76084915
endProcessing "net/mcreator/allfiction/potion/PotionEndGod.java"

startProcessing "net/mcreator/allfiction/potion/PotionForsakenGod.java" md5: 9a4371881209ec7f158bfa7ac8605817
endProcessing "net/mcreator/allfiction/potion/PotionForsakenGod.java"

startProcessing "net/mcreator/allfiction/potion/PotionParadocs.java" md5: 30a8c89a3165373afdb9575c749aeac0
endProcessing "net/mcreator/allfiction/potion/PotionParadocs.java"

startProcessing "net/mcreator/allfiction/potion/PotionProtagnist.java" md5: 8eb114f5e11d53fab23fbc716d59af72
endProcessing "net/mcreator/allfiction/potion/PotionProtagnist.java"

startProcessing "net/mcreator/allfiction/potion/PotionRage.java" md5: a24c904432ec951c1c857074ce15b231
endProcessing "net/mcreator/allfiction/potion/PotionRage.java"

startProcessing "net/mcreator/allfiction/potion/PotionTherefore.java" md5: 9bb0e5ce0054e16c77d798322ba53be7
endProcessing "net/mcreator/allfiction/potion/PotionTherefore.java"

startProcessing "net/mcreator/allfiction/potion/PotionTritagonist.java" md5: 0d5bd260ee30d83830124c1db2c87e9b
endProcessing "net/mcreator/allfiction/potion/PotionTritagonist.java"

startProcessing "net/mcreator/allfiction/procedure/ProcedureAbnormailtyOnKeyPressed.java" md5: c9b11fb3e19393e12005a631ec43dba6
endProcessing "net/mcreator/allfiction/procedure/ProcedureAbnormailtyOnKeyPressed.java"

startProcessing "net/mcreator/allfiction/procedure/ProcedureAbnormality2OnKeyPressed.java" md5: 507859db044f994cc8f2baef008d0454
endProcessing "net/mcreator/allfiction/procedure/ProcedureAbnormality2OnKeyPressed.java"

startProcessing "net/mcreator/allfiction/procedure/ProcedureAbnormality3OnKeyPressed.java" md5: e41cb6e7778d84ef623888f95b4cef87
endProcessing "net/mcreator/allfiction/procedure/ProcedureAbnormality3OnKeyPressed.java"

startProcessing "net/mcreator/allfiction/procedure/ProcedureAbnormality4OnKeyPressed.java" md5: decade569440c6cbbfe36af9b0248814
endProcessing "net/mcreator/allfiction/procedure/ProcedureAbnormality4OnKeyPressed.java"

startProcessing "net/mcreator/allfiction/procedure/ProcedureAbnormality5OnKeyPressed.java" md5: 8e3168d3e5a533ecb2d2b4b8fbaa601c
endProcessing "net/mcreator/allfiction/procedure/ProcedureAbnormality5OnKeyPressed.java"

startProcessing "net/mcreator/allfiction/procedure/ProcedureAllfictionkeyOnKeyPressed.java" md5: 3c8a602ce430df8001154de58c2ee75f
endProcessing "net/mcreator/allfiction/procedure/ProcedureAllfictionkeyOnKeyPressed.java"

startProcessing "net/mcreator/allfiction/procedure/ProcedureAlteredGodOnKeyPressed.java" md5: aae61d9bd70ceb1295e80132275eb1d7
endProcessing "net/mcreator/allfiction/procedure/ProcedureAlteredGodOnKeyPressed.java"

startProcessing "net/mcreator/allfiction/procedure/ProcedureDeuteragonistPotionStartedapplied.java" md5: 538a33fc3397a41599a4bbae8167c09e
endProcessing "net/mcreator/allfiction/procedure/ProcedureDeuteragonistPotionStartedapplied.java"

startProcessing "net/mcreator/allfiction/procedure/ProcedureEndPotionActiveTick.java" md5: 78a2ad947cf6976e6b3a280a5d017964
endProcessing "net/mcreator/allfiction/procedure/ProcedureEndPotionActiveTick.java"

startProcessing "net/mcreator/allfiction/procedure/ProcedureForsakenGodPotionStartedapplied.java" md5: 54779fe6767455a650c35dd124c667bc
endProcessing "net/mcreator/allfiction/procedure/ProcedureForsakenGodPotionStartedapplied.java"

startProcessing "net/mcreator/allfiction/procedure/ProcedureParadocsOnKeyPressed.java" md5: 796b85b7ff82369f1a55928d88616552
endProcessing "net/mcreator/allfiction/procedure/ProcedureParadocsOnKeyPressed.java"

startProcessing "net/mcreator/allfiction/procedure/ProcedurePhilipsscrewBulletHitsPlayer.java" md5: c1e869d26a11ce3944ef90d63c1bea8e
endProcessing "net/mcreator/allfiction/procedure/ProcedurePhilipsscrewBulletHitsPlayer.java"

startProcessing "net/mcreator/allfiction/procedure/ProcedurePhilipsscrewblockBulletHitsLivingEntity.java" md5: 916ffaf1339a0ea4273aa6376df3a355
endProcessing "net/mcreator/allfiction/procedure/ProcedurePhilipsscrewblockBulletHitsLivingEntity.java"

startProcessing "net/mcreator/allfiction/procedure/ProcedurePhilipsscrewblockBulletHitsPlayer.java" md5: e29558c04ef74468240fb3828bfbb11e
endProcessing "net/mcreator/allfiction/procedure/ProcedurePhilipsscrewblockBulletHitsPlayer.java"

startProcessing "net/mcreator/allfiction/procedure/ProcedureProtagnistPotionStartedapplied.java" md5: 3021583d9d8a40688590aee00a52df96
endProcessing "net/mcreator/allfiction/procedure/ProcedureProtagnistPotionStartedapplied.java"

startProcessing "net/mcreator/allfiction/procedure/ProcedureRageOnKeyPressed.java" md5: 003d195c36e9666ecee7a2f94697d5aa
endProcessing "net/mcreator/allfiction/procedure/ProcedureRageOnKeyPressed.java"

startProcessing "net/mcreator/allfiction/procedure/ProcedureSlottedpanheadscrewBulletHitsLivingEntity.java" md5: 3f296c8c00a70aec166dd4ee045e6a76
endProcessing "net/mcreator/allfiction/procedure/ProcedureSlottedpanheadscrewBulletHitsLivingEntity.java"

startProcessing "net/mcreator/allfiction/procedure/ProcedureStopAbnormalityOnKeyPressed.java" md5: 0dcf8835b91de2f4fecc9fe3615b3e59
endProcessing "net/mcreator/allfiction/procedure/ProcedureStopAbnormalityOnKeyPressed.java"

startProcessing "net/mcreator/allfiction/procedure/ProcedureStoryroleOnKeyPressed.java" md5: e6941ed3d8ae6482e71e1ec8587a5a67
endProcessing "net/mcreator/allfiction/procedure/ProcedureStoryroleOnKeyPressed.java"

startProcessing "net/mcreator/allfiction/procedure/ProcedureTritagonistPotionStartedapplied.java" md5: f6da40a3a5d2e6c7cbc98ac934786c40
endProcessing "net/mcreator/allfiction/procedure/ProcedureTritagonistPotionStartedapplied.java"

startProcessing "net/mcreator/allfiction/procedure/ProcedureZeroOnKeyPressed.java" md5: 25edc7c3c302f76b48c973269d29df51
endProcessing "net/mcreator/allfiction/procedure/ProcedureZeroOnKeyPressed.java"

